<?xml version="1.0" encoding="UTF-8"?>
<testng-results ignored="0" total="6" passed="6" failed="0" skipped="0">
  <reporter-output>
  </reporter-output>
  <suite started-at="2025-05-08T16:55:37 IST" name="Suite" finished-at="2025-05-08T16:56:25 IST" duration-ms="48638">
    <groups>
    </groups>
    <test started-at="2025-05-08T16:55:37 IST" name="chromeTest" finished-at="2025-05-08T16:56:04 IST" duration-ms="26851">
      <class name="shrunka.Paralleltest">
        <test-method is-config="true" signature="setup(java.lang.String)[pri:0, instance:shrunka.Paralleltest@8c3b9d]" started-at="2025-05-08T16:55:37 IST" name="setup" finished-at="2025-05-08T16:56:00 IST" duration-ms="23582" status="PASS">
          <params>
            <param index="0">
              <value>
                <![CDATA[chrome]]>
              </value>
            </param>
          </params>
          <reporter-output>
          </reporter-output>
        </test-method> <!-- setup -->
        <test-method signature="testlogo()[pri:1, instance:shrunka.Paralleltest@8c3b9d]" started-at="2025-05-08T16:56:00 IST" name="testlogo" finished-at="2025-05-08T16:56:03 IST" duration-ms="2423" status="PASS">
          <reporter-output>
          </reporter-output>
        </test-method> <!-- testlogo -->
        <test-method signature="testtitle()[pri:2, instance:shrunka.Paralleltest@8c3b9d]" started-at="2025-05-08T16:56:03 IST" name="testtitle" finished-at="2025-05-08T16:56:03 IST" duration-ms="16" status="PASS">
          <reporter-output>
          </reporter-output>
        </test-method> <!-- testtitle -->
        <test-method signature="testut1()[pri:3, instance:shrunka.Paralleltest@8c3b9d]" started-at="2025-05-08T16:56:03 IST" name="testut1" finished-at="2025-05-08T16:56:03 IST" duration-ms="12" status="PASS">
          <reporter-output>
          </reporter-output>
        </test-method> <!-- testut1 -->
        <test-method is-config="true" signature="close()[pri:0, instance:shrunka.Paralleltest@8c3b9d]" started-at="2025-05-08T16:56:03 IST" name="close" finished-at="2025-05-08T16:56:04 IST" duration-ms="734" status="PASS">
          <reporter-output>
          </reporter-output>
        </test-method> <!-- close -->
      </class> <!-- shrunka.Paralleltest -->
    </test> <!-- chromeTest -->
    <test started-at="2025-05-08T16:56:04 IST" name="firefoxTest" finished-at="2025-05-08T16:56:25 IST" duration-ms="21637">
      <class name="shrunka.Paralleltest">
        <test-method is-config="true" signature="setup(java.lang.String)[pri:0, instance:shrunka.Paralleltest@740773a3]" started-at="2025-05-08T16:56:04 IST" name="setup" finished-at="2025-05-08T16:56:21 IST" duration-ms="17344" status="PASS">
          <params>
            <param index="0">
              <value>
                <![CDATA[firefox]]>
              </value>
            </param>
          </params>
          <reporter-output>
          </reporter-output>
        </test-method> <!-- setup -->
        <test-method signature="testlogo()[pri:1, instance:shrunka.Paralleltest@740773a3]" started-at="2025-05-08T16:56:21 IST" name="testlogo" finished-at="2025-05-08T16:56:23 IST" duration-ms="2115" status="PASS">
          <reporter-output>
          </reporter-output>
        </test-method> <!-- testlogo -->
        <test-method signature="testtitle()[pri:2, instance:shrunka.Paralleltest@740773a3]" started-at="2025-05-08T16:56:23 IST" name="testtitle" finished-at="2025-05-08T16:56:23 IST" duration-ms="18" status="PASS">
          <reporter-output>
          </reporter-output>
        </test-method> <!-- testtitle -->
        <test-method signature="testut1()[pri:3, instance:shrunka.Paralleltest@740773a3]" started-at="2025-05-08T16:56:23 IST" name="testut1" finished-at="2025-05-08T16:56:23 IST" duration-ms="12" status="PASS">
          <reporter-output>
          </reporter-output>
        </test-method> <!-- testut1 -->
        <test-method is-config="true" signature="close()[pri:0, instance:shrunka.Paralleltest@740773a3]" started-at="2025-05-08T16:56:23 IST" name="close" finished-at="2025-05-08T16:56:25 IST" duration-ms="2127" status="PASS">
          <reporter-output>
          </reporter-output>
        </test-method> <!-- close -->
      </class> <!-- shrunka.Paralleltest -->
    </test> <!-- firefoxTest -->
  </suite> <!-- Suite -->
</testng-results>
