<?xml version="1.0" encoding="UTF-8"?>
<testng-results ignored="0" total="3" passed="3" failed="0" skipped="0">
  <reporter-output>
  </reporter-output>
  <suite started-at="2025-04-29T15:19:53 IST" name="Default suite" finished-at="2025-04-29T15:19:53 IST" duration-ms="81">
    <groups>
    </groups>
    <test started-at="2025-04-29T15:19:53 IST" name="Default test" finished-at="2025-04-29T15:19:53 IST" duration-ms="81">
      <class name="TestNG.LoginTests">
        <test-method signature="LoginbyGmail()[pri:1, instance:TestNG.LoginTests@38425407]" started-at="2025-04-29T15:19:53 IST" name="LoginbyGmail" finished-at="2025-04-29T15:19:53 IST" duration-ms="13" status="PASS">
          <reporter-output>
          </reporter-output>
        </test-method> <!-- LoginbyGmail -->
        <test-method signature="LoginbyFacebook()[pri:2, instance:TestNG.LoginTests@38425407]" started-at="2025-04-29T15:19:53 IST" name="LoginbyFacebook" finished-at="2025-04-29T15:19:53 IST" duration-ms="3" status="PASS">
          <reporter-output>
          </reporter-output>
        </test-method> <!-- LoginbyFacebook -->
        <test-method signature="LoginbySkype()[pri:3, instance:TestNG.LoginTests@38425407]" started-at="2025-04-29T15:19:53 IST" name="LoginbySkype" finished-at="2025-04-29T15:19:53 IST" duration-ms="2" status="PASS">
          <reporter-output>
          </reporter-output>
        </test-method> <!-- LoginbySkype -->
      </class> <!-- TestNG.LoginTests -->
    </test> <!-- Default test -->
  </suite> <!-- Default suite -->
</testng-results>
