<?xml version="1.0" encoding="UTF-8"?>
<!-- Generated by org.testng.reporters.JUnitXMLReporter -->
<testsuite ignored="0" hostname="DESKTOP-F5AB70R" failures="0" tests="3" name="Default test" time="0.081" errors="0" timestamp="2025-04-29T15:19:53 IST">
  <testcase classname="TestNG.LoginTests" name="LoginbyGmail" time="0.013"/>
  <testcase classname="TestNG.LoginTests" name="LoginbyFacebook" time="0.003"/>
  <testcase classname="TestNG.LoginTests" name="LoginbySkype" time="0.002"/>
</testsuite> <!-- Default test -->
