<?xml version="1.0" encoding="UTF-8"?>
<!-- Generated by org.testng.reporters.JUnitXMLReporter -->
<testsuite ignored="0" hostname="DESKTOP-F5AB70R" failures="0" tests="3" name="chromeTest" time="26.851" errors="0" timestamp="2025-05-08T16:56:04 IST">
  <testcase classname="shrunka.Paralleltest" name="testlogo" time="2.423"/>
  <testcase classname="shrunka.Paralleltest" name="testtitle" time="0.016"/>
  <testcase classname="shrunka.Paralleltest" name="testut1" time="0.012"/>
</testsuite> <!-- chromeTest -->
