<?xml version="1.0" encoding="UTF-8"?>
<!-- Generated by org.testng.reporters.JUnitXMLReporter -->
<testsuite ignored="0" hostname="DESKTOP-F5AB70R" failures="0" tests="3" name="edgeTest" time="145.946" errors="0" timestamp="2025-05-06T17:52:35 IST">
  <testcase classname="shrunka.Paralleltest" name="testlogo" time="0.0">
    <skipped/>
  </testcase> <!-- testlogo -->
  <testcase classname="shrunka.Paralleltest" name="testtitle" time="0.0">
    <skipped/>
  </testcase> <!-- testtitle -->
  <testcase classname="shrunka.Paralleltest" name="testut1" time="0.0">
    <skipped/>
  </testcase> <!-- testut1 -->
</testsuite> <!-- edgeTest -->
