<?xml version="1.0" encoding="UTF-8"?>
<!-- Generated by org.testng.reporters.JUnitXMLReporter -->
<testsuite ignored="0" hostname="DESKTOP-F5AB70R" failures="0" tests="3" name="firefoxTest" time="21.637" errors="0" timestamp="2025-05-08T16:56:25 IST">
  <testcase classname="shrunka.Paralleltest" name="testlogo" time="2.115"/>
  <testcase classname="shrunka.Paralleltest" name="testtitle" time="0.018"/>
  <testcase classname="shrunka.Paralleltest" name="testut1" time="0.012"/>
</testsuite> <!-- firefoxTest -->
