<?xml version="1.0" encoding="UTF-8"?>
<!-- Generated by org.testng.reporters.JUnitXMLReporter -->
<testsuite ignored="0" hostname="DESKTOP-F5AB70R" failures="0" tests="8" name="Test" time="0.104" errors="0" timestamp="2025-05-03T19:25:59 IST">
  <testcase classname="shrunka.PaymentTests" name="PaymentinRupees" time="0.012"/>
  <testcase classname="shrunka.PaymentTests" name="PaymentinDollars" time="0.001"/>
  <testcase classname="shrunka.LoginTests" name="LoginbyGmail" time="0.002"/>
  <testcase classname="shrunka.LoginTests" name="LoginbyFacebook" time="0.002"/>
  <testcase classname="shrunka.LoginTests" name="LoginbySkype" time="0.005"/>
  <testcase classname="shrunka.SignUpTests" name="SignupbyGmail" time="0.002"/>
  <testcase classname="shrunka.SignUpTests" name="SignUpbyFacebook" time="0.001"/>
  <testcase classname="shrunka.SignUpTests" name="SignUpbySkype" time="0.002"/>
</testsuite> <!-- Test -->
