<?xml version="1.0" encoding="UTF-8"?>
<testng-results ignored="0" total="1" passed="1" failed="0" skipped="0">
  <reporter-output>
  </reporter-output>
  <suite started-at="2025-05-15T17:07:50 IST" name="Default suite" finished-at="2025-05-15T17:08:01 IST" duration-ms="11421">
    <groups>
      <group name="cucumber">
        <method signature="AbstractTestNGCucumberTests.runScenario(io.cucumber.testng.PickleWrapper,io.cucumber.testng.FeatureWrapper)[pri:0, instance:testRunner2.testrunner2@49e5f737]" name="runScenario" class="io.cucumber.testng.AbstractTestNGCucumberTests"/>
      </group> <!-- cucumber -->
    </groups>
    <test started-at="2025-05-15T17:07:50 IST" name="Default test" finished-at="2025-05-15T17:08:01 IST" duration-ms="11421">
      <class name="testRunner2.testrunner2">
        <test-method is-config="true" signature="setUpClass(org.testng.ITestContext)[pri:0, instance:testRunner2.testrunner2@49e5f737]" started-at="2025-05-15T17:07:50 IST" name="setUpClass" finished-at="2025-05-15T17:07:50 IST" duration-ms="184" status="PASS">
          <params>
            <param index="0">
              <value>
                <![CDATA[org.testng.TestRunner@89c65d5]]>
              </value>
            </param>
          </params>
          <reporter-output>
          </reporter-output>
        </test-method> <!-- setUpClass -->
        <test-method signature="runScenario(io.cucumber.testng.PickleWrapper,io.cucumber.testng.FeatureWrapper)[pri:0, instance:testRunner2.testrunner2@49e5f737]" started-at="2025-05-15T17:07:50 IST" name="runScenario" description="Runs Cucumber Scenarios" data-provider="scenarios" finished-at="2025-05-15T17:08:01 IST" duration-ms="11195" status="PASS">
          <params>
            <param index="0">
              <value>
                <![CDATA["verify Login functionality with valid credentials"]]>
              </value>
            </param>
            <param index="1">
              <value>
                <![CDATA["Login functionality"]]>
              </value>
            </param>
          </params>
          <reporter-output>
          </reporter-output>
        </test-method> <!-- runScenario -->
        <test-method is-config="true" signature="tearDownClass()[pri:0, instance:testRunner2.testrunner2@49e5f737]" started-at="2025-05-15T17:08:01 IST" name="tearDownClass" finished-at="2025-05-15T17:08:01 IST" duration-ms="2" status="PASS">
          <reporter-output>
          </reporter-output>
        </test-method> <!-- tearDownClass -->
      </class> <!-- testRunner2.testrunner2 -->
    </test> <!-- Default test -->
  </suite> <!-- Default suite -->
</testng-results>
