<?xml version="1.0" encoding="UTF-8"?>
<!-- Generated by org.testng.reporters.JUnitXMLReporter -->
<testsuite ignored="0" hostname="DESKTOP-F5AB70R" failures="0" tests="5" name="Test" time="0.097" errors="0" timestamp="2025-04-28T17:15:21 IST">
  <testcase classname="TestNG.Testassertions1" name="testTitle" time="0.012"/>
  <testcase classname="TestNG.Annotationstest1" name="Search" time="0.004"/>
  <testcase classname="TestNG.Annotationstest1" name="Advsearch" time="0.002"/>
  <testcase classname="TestNG.Order1" name="m1" time="0.003"/>
  <testcase classname="TestNG.Order1" name="m2" time="0.002"/>
</testsuite> <!-- Test -->
